# JRE version: Java(TM) SE Runtime Environment (8.0_131-b11) (build 1.8.0_131-b11)
# Java VM: Java HotSpot(TM) 64-Bit Server VM (25.131-b11 mixed mode windows-amd64 compressed oops)
Heap:
 PSYoungGen      total 84480K, used 66527K [0x00000000eaf80000, 0x00000000f1580000, 0x0000000100000000)
  eden space 78336K, 80% used [0x00000000eaf80000,0x00000000eed114e0,0x00000000efc00000)
  from space 6144K, 56% used [0x00000000efc00000,0x00000000eff66998,0x00000000f0200000)
  to   space 6144K, 0% used [0x00000000f0f80000,0x00000000f0f80000,0x00000000f1580000)
 ParOldGen       total 47616K, used 18977K [0x00000000c0e00000, 0x00000000c3c80000, 0x00000000eaf80000)
  object space 47616K, 39% used [0x00000000c0e00000,0x00000000c2088488,0x00000000c3c80000)
 Metaspace       used 39661K, capacity 40244K, committed 40320K, reserved 1085440K
  class space    used 5053K, capacity 5224K, committed 5248K, reserved 1048576K
GC Heap History (10 events):
Event: 11.807 GC heap before
{Heap before GC invocations=31 (full 2):
 PSYoungGen      total 66048K, used 2766K [0x00000000eaf80000, 0x00000000f0180000, 0x0000000100000000)
  eden space 60928K, 0% used [0x00000000eaf80000,0x00000000eaf80000,0x00000000eeb00000)
  from space 5120K, 54% used [0x00000000eeb00000,0x00000000eedb3ad8,0x00000000ef000000)
  to   space 5120K, 0% used [0x00000000efc80000,0x00000000efc80000,0x00000000f0180000)
 ParOldGen       total 27136K, used 14958K [0x00000000c0e00000, 0x00000000c2880000, 0x00000000eaf80000)
  object space 27136K, 55% used [0x00000000c0e00000,0x00000000c1c9baf8,0x00000000c2880000)
 Metaspace       used 34911K, capacity 35324K, committed 35496K, reserved 1081344K
  class space    used 4440K, capacity 4580K, committed 4608K, reserved 1048576K
Event: 11.871 GC heap after
Heap after GC invocations=31 (full 2):
 PSYoungGen      total 66048K, used 0K [0x00000000eaf80000, 0x00000000f0180000, 0x0000000100000000)
  eden space 60928K, 0% used [0x00000000eaf80000,0x00000000eaf80000,0x00000000eeb00000)
  from space 5120K, 0% used [0x00000000eeb00000,0x00000000eeb00000,0x00000000ef000000)
  to   space 5120K, 0% used [0x00000000efc80000,0x00000000efc80000,0x00000000f0180000)
 ParOldGen       total 47616K, used 15344K [0x00000000c0e00000, 0x00000000c3c80000, 0x00000000eaf80000)
  object space 47616K, 32% used [0x00000000c0e00000,0x00000000c1cfc360,0x00000000c3c80000)
 Metaspace       used 34911K, capacity 35324K, committed 35496K, reserved 1081344K
  class space    used 4440K, capacity 4580K, committed 4608K, reserved 1048576K
}
Event: 12.263 GC heap before
{Heap before GC invocations=32 (full 2):
 PSYoungGen      total 66048K, used 60928K [0x00000000eaf80000, 0x00000000f0180000, 0x0000000100000000)
  eden space 60928K, 100% used [0x00000000eaf80000,0x00000000eeb00000,0x00000000eeb00000)
  from space 5120K, 0% used [0x00000000eeb00000,0x00000000eeb00000,0x00000000ef000000)
  to   space 5120K, 0% used [0x00000000efc80000,0x00000000efc80000,0x00000000f0180000)
 ParOldGen       total 47616K, used 15344K [0x00000000c0e00000, 0x00000000c3c80000, 0x00000000eaf80000)
  object space 47616K, 32% used [0x00000000c0e00000,0x00000000c1cfc360,0x00000000c3c80000)
 Metaspace       used 35556K, capacity 36080K, committed 36392K, reserved 1081344K
  class space    used 4517K, capacity 4690K, committed 4736K, reserved 1048576K
Event: 12.265 GC heap after
Heap after GC invocations=32 (full 2):
 PSYoungGen      total 71680K, used 1632K [0x00000000eaf80000, 0x00000000efe80000, 0x0000000100000000)
  eden space 69632K, 0% used [0x00000000eaf80000,0x00000000eaf80000,0x00000000ef380000)
  from space 2048K, 79% used [0x00000000efc80000,0x00000000efe18000,0x00000000efe80000)
  to   space 4608K, 0% used [0x00000000ef580000,0x00000000ef580000,0x00000000efa00000)
 ParOldGen       total 47616K, used 15352K [0x00000000c0e00000, 0x00000000c3c80000, 0x00000000eaf80000)
  object space 47616K, 32% used [0x00000000c0e00000,0x00000000c1cfe360,0x00000000c3c80000)
 Metaspace       used 35556K, capacity 36080K, committed 36392K, reserved 1081344K
  class space    used 4517K, capacity 4690K, committed 4736K, reserved 1048576K
}
Event: 17.176 GC heap before
{Heap before GC invocations=33 (full 2):
 PSYoungGen      total 71680K, used 71264K [0x00000000eaf80000, 0x00000000efe80000, 0x0000000100000000)
  eden space 69632K, 100% used [0x00000000eaf80000,0x00000000ef380000,0x00000000ef380000)
  from space 2048K, 79% used [0x00000000efc80000,0x00000000efe18000,0x00000000efe80000)
  to   space 4608K, 0% used [0x00000000ef580000,0x00000000ef580000,0x00000000efa00000)
 ParOldGen       total 47616K, used 15352K [0x00000000c0e00000, 0x00000000c3c80000, 0x00000000eaf80000)
  object space 47616K, 32% used [0x00000000c0e00000,0x00000000c1cfe360,0x00000000c3c80000)
 Metaspace       used 37155K, capacity 37712K, committed 38016K, reserved 1083392K
  class space    used 4728K, capacity 4898K, committed 4992K, reserved 1048576K
Event: 17.187 GC heap after
Heap after GC invocations=33 (full 2):
 PSYoungGen      total 76288K, used 4605K [0x00000000eaf80000, 0x00000000f0780000, 0x0000000100000000)
  eden space 71680K, 0% used [0x00000000eaf80000,0x00000000eaf80000,0x00000000ef580000)
  from space 4608K, 99% used [0x00000000ef580000,0x00000000ef9ff628,0x00000000efa00000)
  to   space 5632K, 0% used [0x00000000f0200000,0x00000000f0200000,0x00000000f0780000)
 ParOldGen       total 47616K, used 15368K [0x00000000c0e00000, 0x00000000c3c80000, 0x00000000eaf80000)
  object space 47616K, 32% used [0x00000000c0e00000,0x00000000c1d02360,0x00000000c3c80000)
 Metaspace       used 37155K, capacity 37712K, committed 38016K, reserved 1083392K
  class space    used 4728K, capacity 4898K, committed 4992K, reserved 1048576K
}
Event: 17.789 GC heap before
{Heap before GC invocations=34 (full 2):
 PSYoungGen      total 76288K, used 76285K [0x00000000eaf80000, 0x00000000f0780000, 0x0000000100000000)
  eden space 71680K, 100% used [0x00000000eaf80000,0x00000000ef580000,0x00000000ef580000)
  from space 4608K, 99% used [0x00000000ef580000,0x00000000ef9ff628,0x00000000efa00000)
  to   space 5632K, 0% used [0x00000000f0200000,0x00000000f0200000,0x00000000f0780000)
 ParOldGen       total 47616K, used 15368K [0x00000000c0e00000, 0x00000000c3c80000, 0x00000000eaf80000)
  object space 47616K, 32% used [0x00000000c0e00000,0x00000000c1d02360,0x00000000c3c80000)
 Metaspace       used 38075K, capacity 38576K, committed 38912K, reserved 1083392K
  class space    used 4827K, capacity 4994K, committed 5120K, reserved 1048576K
Event: 17.799 GC heap after
Heap after GC invocations=34 (full 2):
 PSYoungGen      total 83968K, used 4277K [0x00000000eaf80000, 0x00000000f0c00000, 0x0000000100000000)
  eden space 78336K, 0% used [0x00000000eaf80000,0x00000000eaf80000,0x00000000efc00000)
  from space 5632K, 75% used [0x00000000f0200000,0x00000000f062d458,0x00000000f0780000)
  to   space 6144K, 0% used [0x00000000efc00000,0x00000000efc00000,0x00000000f0200000)
 ParOldGen       total 47616K, used 17580K [0x00000000c0e00000, 0x00000000c3c80000, 0x00000000eaf80000)
  object space 47616K, 36% used [0x00000000c0e00000,0x00000000c1f2b340,0x00000000c3c80000)
 Metaspace       used 38075K, capacity 38576K, committed 38912K, reserved 1083392K
  class space    used 4827K, capacity 4994K, committed 5120K, reserved 1048576K
}
Event: 18.239 GC heap before
{Heap before GC invocations=35 (full 2):
 PSYoungGen      total 83968K, used 82613K [0x00000000eaf80000, 0x00000000f0c00000, 0x0000000100000000)
  eden space 78336K, 100% used [0x00000000eaf80000,0x00000000efc00000,0x00000000efc00000)
  from space 5632K, 75% used [0x00000000f0200000,0x00000000f062d458,0x00000000f0780000)
  to   space 6144K, 0% used [0x00000000efc00000,0x00000000efc00000,0x00000000f0200000)
 ParOldGen       total 47616K, used 17580K [0x00000000c0e00000, 0x00000000c3c80000, 0x00000000eaf80000)
  object space 47616K, 36% used [0x00000000c0e00000,0x00000000c1f2b340,0x00000000c3c80000)
 Metaspace       used 38999K, capacity 39502K, committed 39808K, reserved 1083392K
  class space    used 4973K, capacity 5127K, committed 5248K, reserved 1048576K
Event: 18.262 GC heap after
Heap after GC invocations=35 (full 2):
 PSYoungGen      total 84480K, used 3482K [0x00000000eaf80000, 0x00000000f1580000, 0x0000000100000000)
  eden space 78336K, 0% used [0x00000000eaf80000,0x00000000eaf80000,0x00000000efc00000)
  from space 6144K, 56% used [0x00000000efc00000,0x00000000eff66998,0x00000000f0200000)
  to   space 6144K, 0% used [0x00000000f0f80000,0x00000000f0f80000,0x00000000f1580000)
 ParOldGen       total 47616K, used 18977K [0x00000000c0e00000, 0x00000000c3c80000, 0x00000000eaf80000)
  object space 47616K, 39% used [0x00000000c0e00000,0x00000000c2088488,0x00000000c3c80000)
 Metaspace       used 38999K, capacity 39502K, committed 39808K, reserved 1083392K
  class space    used 4973K, capacity 5127K, committed 5248K, reserved 1048576K
}

